<?xml version="1.0" encoding="UTF-8"?>
<!-- Generated by org.testng.reporters.JUnitReportReporter -->
<testsuite hostname="DESKTOP-73F46TD" failures="0" tests="1" name="tests.LogOutTest" time="19.687" errors="0" timestamp="2023-11-08T23:38:46 EET" skipped="0">
  <testcase classname="tests.LogOutTest" name="logOutTest" time="19.687"/>
</testsuite> <!-- tests.LogOutTest -->
